<?xml version="1.0" encoding="UTF-8"?>
<testng-results skipped="2" failed="0" total="2" passed="0">
  <reporter-output>
  </reporter-output>
  <suite name="Default suite" duration-ms="210" started-at="2020-06-04T12:51:09Z" finished-at="2020-06-04T12:51:09Z">
    <groups>
    </groups>
    <test name="Default test" duration-ms="210" started-at="2020-06-04T12:51:09Z" finished-at="2020-06-04T12:51:09Z">
      <class name="testCases.AmazonPantryTest">
        <test-method status="FAIL" signature="setup()[pri:0, instance:testCases.AmazonPantryTest@6b419da]" name="setup" is-config="true" duration-ms="0" started-at="2020-06-04T18:21:09Z" finished-at="2020-06-04T18:21:09Z">
          <exception class="java.lang.NullPointerException">
            <full-stacktrace>
              <![CDATA[java.lang.NullPointerException
	at testBase.TestBase.initiate(TestBase.java:30)
	at testCases.AmazonPantryTest.setup(AmazonPantryTest.java:20)
	at sun.reflect.NativeMethodAccessorImpl.invoke0(Native Method)
	at sun.reflect.NativeMethodAccessorImpl.invoke(Unknown Source)
	at sun.reflect.DelegatingMethodAccessorImpl.invoke(Unknown Source)
	at java.lang.reflect.Method.invoke(Unknown Source)
	at org.testng.internal.MethodInvocationHelper.invokeMethod(MethodInvocationHelper.java:80)
	at org.testng.internal.Invoker.invokeConfigurationMethod(Invoker.java:564)
	at org.testng.internal.Invoker.invokeConfigurations(Invoker.java:213)
	at org.testng.internal.Invoker.invokeMethod(Invoker.java:653)
	at org.testng.internal.Invoker.invokeTestMethod(Invoker.java:901)
	at org.testng.internal.Invoker.invokeTestMethods(Invoker.java:1231)
	at org.testng.internal.TestMethodWorker.invokeTestMethods(TestMethodWorker.java:127)
	at org.testng.internal.TestMethodWorker.run(TestMethodWorker.java:111)
	at org.testng.TestRunner.privateRun(TestRunner.java:767)
	at org.testng.TestRunner.run(TestRunner.java:617)
	at org.testng.SuiteRunner.runTest(SuiteRunner.java:334)
	at org.testng.SuiteRunner.runSequentially(SuiteRunner.java:329)
	at org.testng.SuiteRunner.privateRun(SuiteRunner.java:291)
	at org.testng.SuiteRunner.run(SuiteRunner.java:240)
	at org.testng.SuiteRunnerWorker.runSuite(SuiteRunnerWorker.java:52)
	at org.testng.SuiteRunnerWorker.run(SuiteRunnerWorker.java:86)
	at org.testng.TestNG.runSuitesSequentially(TestNG.java:1198)
	at org.testng.TestNG.runSuitesLocally(TestNG.java:1123)
	at org.testng.TestNG.run(TestNG.java:1031)
	at org.testng.remote.AbstractRemoteTestNG.run(AbstractRemoteTestNG.java:115)
	at org.testng.remote.RemoteTestNG.initAndRun(RemoteTestNG.java:251)
	at org.testng.remote.RemoteTestNG.main(RemoteTestNG.java:77)
]]>
            </full-stacktrace>
          </exception> <!-- java.lang.NullPointerException -->
          <reporter-output>
          </reporter-output>
        </test-method> <!-- setup -->
        <test-method status="SKIP" signature="PantryPageTitleTest()[pri:0, instance:testCases.AmazonPantryTest@6b419da]" name="PantryPageTitleTest" duration-ms="19" started-at="2020-06-04T18:21:09Z" finished-at="2020-06-04T18:21:09Z">
          <reporter-output>
          </reporter-output>
        </test-method> <!-- PantryPageTitleTest -->
        <test-method status="SKIP" signature="tearDown()[pri:0, instance:testCases.AmazonPantryTest@6b419da]" name="tearDown" is-config="true" duration-ms="0" started-at="2020-06-04T18:21:09Z" finished-at="2020-06-04T18:21:09Z">
          <reporter-output>
          </reporter-output>
        </test-method> <!-- tearDown -->
        <test-method status="SKIP" signature="setup()[pri:0, instance:testCases.AmazonPantryTest@6b419da]" name="setup" is-config="true" duration-ms="0" started-at="2020-06-04T18:21:09Z" finished-at="2020-06-04T18:21:09Z">
          <reporter-output>
          </reporter-output>
        </test-method> <!-- setup -->
        <test-method status="SKIP" signature="PantryLinkTest()[pri:0, instance:testCases.AmazonPantryTest@6b419da]" name="PantryLinkTest" duration-ms="20" started-at="2020-06-04T18:21:09Z" finished-at="2020-06-04T18:21:09Z">
          <reporter-output>
          </reporter-output>
        </test-method> <!-- PantryLinkTest -->
        <test-method status="SKIP" signature="tearDown()[pri:0, instance:testCases.AmazonPantryTest@6b419da]" name="tearDown" is-config="true" duration-ms="0" started-at="2020-06-04T18:21:09Z" finished-at="2020-06-04T18:21:09Z">
          <reporter-output>
          </reporter-output>
        </test-method> <!-- tearDown -->
      </class> <!-- testCases.AmazonPantryTest -->
    </test> <!-- Default test -->
  </suite> <!-- Default suite -->
</testng-results>
